[00:57:04] [Server thread/INFO]: Raneem was shot by Skeleton
[01:52:09] [Server thread/INFO]: Raneem lost connection: Disconnected
[01:52:09] [Server thread/INFO]: Raneem left the game
[01:53:50] [User Authenticator #28/INFO]: UUID of player Raneem is 3e730029-116e-3555-97bd-0a9b636510b1
[01:53:50] [Server thread/INFO]: Raneem joined the game
[01:53:50] [Server thread/INFO]: Raneem[/89.211.204.17:17475] logged in with entity id 161769 at ([world]-837.2857349663094, 71.0, -2879.699999988079)
[02:08:52] [Server thread/INFO]: Raneem was killed by Witch using magic
[02:14:00] [Server thread/INFO]: Raneem lost connection: Disconnected
[02:14:00] [Server thread/INFO]: Raneem left the game
[04:12:16] [User Authenticator #29/INFO]: UUID of player zohanuman1 is d2422aac-f172-3937-8c01-9001c7384d7d
[04:12:16] [Server thread/INFO]: zohanuman1 joined the game
[04:12:16] [Server thread/INFO]: zohanuman1[/72.255.42.223:23538] logged in with entity id 164493 at ([world]-598.4901222407204, 81.5010594297298, -3039.2676375975616)
[04:18:48] [User Authenticator #30/INFO]: UUID of player ae86GoVroomVroom is 2fc51197-3699-35b4-866e-7de7f4218350
[04:18:48] [Server thread/INFO]: ae86GoVroomVroom joined the game
[04:18:48] [Server thread/INFO]: ae86GoVroomVroom[/89.211.204.17:27205] logged in with entity id 165483 at ([world]-597.5419649483898, 76.1238979144202, -3073.0083463523797)
[04:18:58] [Server thread/INFO]: ae86GoVroomVroom issued server command: /tp ae86GoVroomVroom zohanuman1
[04:18:58] [Server thread/INFO]: [ae86GoVroomVroom: Teleported ae86GoVroomVroom to zohanuman1]
[04:19:58] [Server thread/INFO]: ae86GoVroomVroom issued server command: //wand
[04:20:02] [Server thread/INFO]: ae86GoVroomVroom issued server command: //wand
[04:20:13] [Server thread/INFO]: ae86GoVroomVroom issued server command: //set air
[04:20:14] [Server thread/INFO]: zohanuman1 issued server command: //wand
[04:20:34] [Server thread/INFO]: ae86GoVroomVroom issued server command: //secondary
[04:21:35] [Server thread/INFO]: ae86GoVroomVroom issued server command: //wand
[04:21:37] [Server thread/INFO]: ae86GoVroomVroom issued server command: /tp ae86GoVroomVroom zohanuman1
[04:21:37] [Server thread/INFO]: [ae86GoVroomVroom: Teleported ae86GoVroomVroom to zohanuman1]
[04:23:07] [Server thread/INFO]: ae86GoVroomVroom issued server command: /tp ae86GoVroomVroom zohanuman1
[04:23:07] [Server thread/INFO]: [ae86GoVroomVroom: Teleported ae86GoVroomVroom to zohanuman1]
[04:24:33] [Server thread/INFO]: ae86GoVroomVroom issued server command: //wand
[04:26:22] [Server thread/INFO]: ae86GoVroomVroom issued server command: /gamemode survival
[04:26:22] [Server thread/INFO]: [ae86GoVroomVroom: Set own game mode to Survival Mode]
[04:27:03] [Server thread/INFO]: ae86GoVroomVroom issued server command: /gamemode creative
[04:27:03] [Server thread/INFO]: [ae86GoVroomVroom: Set own game mode to Creative Mode]
[04:27:28] [Server thread/INFO]: ae86GoVroomVroom lost connection: Disconnected
[04:27:28] [Server thread/INFO]: ae86GoVroomVroom left the game
[04:56:31] [Server thread/INFO]: zohanuman1 issued server command: /time set night
[04:56:31] [Server thread/INFO]: [zohanuman1: Set the time to 13000]
[04:57:55] [Server thread/INFO]: zohanuman1 issued server command: //wand
[05:09:59] [User Authenticator #31/INFO]: UUID of player Raneem is 3e730029-116e-3555-97bd-0a9b636510b1
[05:09:59] [Server thread/INFO]: Raneem joined the game
[05:09:59] [Server thread/INFO]: Raneem[/89.211.204.17:29777] logged in with entity id 171464 at ([world]-784.3613949898073, 69.0, -2957.849123467455)
